<?xml version="1.0" encoding="UTF-8"?>
<testng-results ignored="0" total="1" passed="1" failed="0" skipped="0">
  <reporter-output>
  </reporter-output>
  <suite started-at="2019-12-31T15:37:59 IST" name="Default suite" finished-at="2019-12-31T15:38:11 IST" duration-ms="11684">
    <groups>
    </groups>
    <test started-at="2019-12-31T15:37:59 IST" name="Default test" finished-at="2019-12-31T15:38:11 IST" duration-ms="11684">
      <class name="WebTrackCases.WebTrackPFSearch">
        <test-method is-config="true" signature="beforeMethod()[pri:0, instance:WebTrackCases.WebTrackPFSearch@fdefd3f]" started-at="2019-12-31T15:37:59 IST" name="beforeMethod" finished-at="2019-12-31T15:38:06 IST" duration-ms="6842" status="PASS">
          <reporter-output>
          </reporter-output>
        </test-method> <!-- beforeMethod -->
        <test-method signature="WebTrackProductSearch()[pri:0, instance:WebTrackCases.WebTrackPFSearch@fdefd3f]" started-at="2019-12-31T15:38:06 IST" name="WebTrackProductSearch" finished-at="2019-12-31T15:38:11 IST" duration-ms="4784" status="PASS">
          <reporter-output>
          </reporter-output>
        </test-method> <!-- WebTrackProductSearch -->
        <test-method is-config="true" signature="afterMethod()[pri:0, instance:WebTrackCases.WebTrackPFSearch@fdefd3f]" started-at="2019-12-31T15:38:11 IST" name="afterMethod" finished-at="2019-12-31T15:38:11 IST" duration-ms="1" status="PASS">
          <reporter-output>
          </reporter-output>
        </test-method> <!-- afterMethod -->
      </class> <!-- WebTrackCases.WebTrackPFSearch -->
    </test> <!-- Default test -->
  </suite> <!-- Default suite -->
</testng-results>
